Arguments: 
  /usr/local/Cellar/node/16.5.0/bin/node /usr/local/Cellar/yarn/1.22.10/libexec/bin/yarn.js add --dev @cucumber/cuncumber

PATH: 
  /Library/Python/3.9/bin:/Users/raphaelkeita/usr/local/bin/python:/Library/Frameworks/Python.framework/Versions/3.9/bin:/usr/local/bin:/usr/bin:/bin:/usr/sbin:/sbin:/Library/Python/3.9/bin:/Users/raphaelkeita/usr/local/bin/python:/Library/Frameworks/Python.framework/Versions/3.9/bin

Yarn version: 
  1.22.10

Node version: 
  16.5.0

Platform: 
  darwin x64

Trace: 
  Error: https://registry.yarnpkg.com/@cucumber%2fcuncumber: Not found
      at Request.params.callback [as _callback] (/usr/local/Cellar/yarn/1.22.10/libexec/lib/cli.js:66988:18)
      at Request.self.callback (/usr/local/Cellar/yarn/1.22.10/libexec/lib/cli.js:140749:22)
      at Request.emit (node:events:394:28)
      at Request.<anonymous> (/usr/local/Cellar/yarn/1.22.10/libexec/lib/cli.js:141721:10)
      at Request.emit (node:events:394:28)
      at IncomingMessage.<anonymous> (/usr/local/Cellar/yarn/1.22.10/libexec/lib/cli.js:141643:12)
      at Object.onceWrapper (node:events:513:28)
      at IncomingMessage.emit (node:events:406:35)
      at endReadableNT (node:internal/streams/readable:1331:12)
      at processTicksAndRejections (node:internal/process/task_queues:83:21)

npm manifest: 
  {
      "name": "ui-automate",
      "version": "0.0.1",
      "readme": "Cucumber-JS Integration with [BrowserStack](https://www.browserstack.com)",
      "description": " Cross-browser testing tool with Selenium webdriver",
      "scripts": {
        "test": "npm run single && npm run local && npm run parallel",
        "single": "cross-env CONFIG_FILE=single ./node_modules/cucumber/bin/cucumber.js features/single.feature",
        "local": "cross-env CONFIG_FILE=local ./node_modules/cucumber/bin/cucumber.js features/local.feature",
        "parallel": "cross-env CONFIG_FILE=parallel ./scripts/cucumber-runner.js features/single.feature"
      },
      "devDependencies": {
        "cucumber": "1.3.3",
        "cucumber-assert": "1.0.4",
        "selenium-webdriver": "^3.6.0"
      },
      "dependencies": {
        "browserstack-local": "^1.0.0",
        "cross-env": "^5.2.0"
      }
    }

yarn manifest: 
  No manifest

Lockfile: 
  No lockfile
